*ERROR* 	2016/01/12 - 15:51:49: Unknown column 'hs.id_homeslider_slides' in 'field list'<br /><br /><pre>
			SELECT hs.`id_homeslider_slides` as id_slide, hssl.`image`, hss.`position`, hss.`active`, hssl.`title`,
			hssl.`url`, hssl.`image`
			FROM ps_tptnsubbanner hs
			LEFT JOIN ps_tptnsubbanner_slides hss ON (hs.id_homeslider_slides = hss.id_homeslider_slides)
			LEFT JOIN ps_tptnsubbanner_slides_lang hssl ON (hss.id_homeslider_slides = hssl.id_homeslider_slides)
			WHERE id_shop = 1
			AND hssl.id_lang = 1 AND hss.`active` = 1
			ORDER BY hss.position</pre> at line 791 in file classes/db/Db.php
*ERROR* 	2016/01/12 - 15:52:56: Unknown column 'hs.id_homeslider_slides' in 'field list'<br /><br /><pre>
			SELECT hs.`id_homeslider_slides` as id_slide, hssl.`image`, hss.`position`, hss.`active`, hssl.`title`,
			hssl.`url`, hssl.`image`
			FROM ps_tptnsubbanner hs
			LEFT JOIN ps_tptnsubbanner_slides hss ON (hs.id_homeslider_slides = hss.id_homeslider_slides)
			LEFT JOIN ps_tptnsubbanner_slides_lang hssl ON (hss.id_homeslider_slides = hssl.id_homeslider_slides)
			WHERE id_shop = 1
			AND hssl.id_lang = 1 AND hss.`active` = 1
			ORDER BY hss.position</pre> at line 791 in file classes/db/Db.php
*ERROR* 	2016/01/12 - 15:53:02: Unknown column 'hs.id_homeslider_slides' in 'field list'<br /><br /><pre>
			SELECT hs.`id_homeslider_slides` as id_slide, hssl.`image`, hss.`position`, hss.`active`, hssl.`title`,
			hssl.`url`, hssl.`image`
			FROM ps_tptnsubbanner hs
			LEFT JOIN ps_tptnsubbanner_slides hss ON (hs.id_homeslider_slides = hss.id_homeslider_slides)
			LEFT JOIN ps_tptnsubbanner_slides_lang hssl ON (hss.id_homeslider_slides = hssl.id_homeslider_slides)
			WHERE id_shop = 1
			AND hssl.id_lang = 1 AND hss.`active` = 1
			ORDER BY hss.position</pre> at line 791 in file classes/db/Db.php
*ERROR* 	2016/01/12 - 15:53:25: Unknown column 'hs.id_homeslider_slides' in 'field list'<br /><br /><pre>
			SELECT hs.`id_homeslider_slides` as id_slide, hssl.`image`, hss.`position`, hss.`active`, hssl.`title`,
			hssl.`url`, hssl.`image`
			FROM ps_tptnsubbanner hs
			LEFT JOIN ps_tptnsubbanner_slides hss ON (hs.id_homeslider_slides = hss.id_homeslider_slides)
			LEFT JOIN ps_tptnsubbanner_slides_lang hssl ON (hss.id_homeslider_slides = hssl.id_homeslider_slides)
			WHERE id_shop = 1
			AND hssl.id_lang = 1 AND hss.`active` = 1
			ORDER BY hss.position</pre> at line 791 in file classes/db/Db.php
*ERROR* 	2016/01/12 - 15:53:27: Unknown column 'hs.id_homeslider_slides' in 'field list'<br /><br /><pre>
			SELECT hs.`id_homeslider_slides` as id_slide, hssl.`image`, hss.`position`, hss.`active`, hssl.`title`,
			hssl.`url`, hssl.`image`
			FROM ps_tptnsubbanner hs
			LEFT JOIN ps_tptnsubbanner_slides hss ON (hs.id_homeslider_slides = hss.id_homeslider_slides)
			LEFT JOIN ps_tptnsubbanner_slides_lang hssl ON (hss.id_homeslider_slides = hssl.id_homeslider_slides)
			WHERE id_shop = 1
			AND hssl.id_lang = 1 AND hss.`active` = 1
			ORDER BY hss.position</pre> at line 791 in file classes/db/Db.php
*ERROR* 	2016/01/12 - 15:53:28: Unknown column 'hs.id_homeslider_slides' in 'field list'<br /><br /><pre>
			SELECT hs.`id_homeslider_slides` as id_slide, hssl.`image`, hss.`position`, hss.`active`, hssl.`title`,
			hssl.`url`, hssl.`image`
			FROM ps_tptnsubbanner hs
			LEFT JOIN ps_tptnsubbanner_slides hss ON (hs.id_homeslider_slides = hss.id_homeslider_slides)
			LEFT JOIN ps_tptnsubbanner_slides_lang hssl ON (hss.id_homeslider_slides = hssl.id_homeslider_slides)
			WHERE id_shop = 1
			AND hssl.id_lang = 1 AND hss.`active` = 1
			ORDER BY hss.position</pre> at line 791 in file classes/db/Db.php
*ERROR* 	2016/01/12 - 15:53:56: Unknown column 'hs.id_homeslider_slides' in 'field list'<br /><br /><pre>
			SELECT hs.`id_homeslider_slides` as id_slide, hssl.`image`, hss.`position`, hss.`active`, hssl.`title`,
			hssl.`url`, hssl.`image`
			FROM ps_tptnsubbanner hs
			LEFT JOIN ps_tptnsubbanner_slides hss ON (hs.id_homeslider_slides = hss.id_homeslider_slides)
			LEFT JOIN ps_tptnsubbanner_slides_lang hssl ON (hss.id_homeslider_slides = hssl.id_homeslider_slides)
			WHERE id_shop = 1
			AND hssl.id_lang = 1 AND hss.`active` = 1
			ORDER BY hss.position</pre> at line 791 in file classes/db/Db.php
